<?xml version="1.0" encoding="UTF-8"?>
<testng-results skipped="0" failed="0" ignored="0" total="1" passed="1">
  <reporter-output>
  </reporter-output>
  <suite name="Default suite" duration-ms="4337" started-at="2019-10-12T22:52:56Z" finished-at="2019-10-12T22:53:00Z">
    <groups>
    </groups>
    <test name="Default test" duration-ms="4337" started-at="2019-10-12T22:52:56Z" finished-at="2019-10-12T22:53:00Z">
      <class name="CheckStatus">
        <test-method status="PASS" signature="checkstatus()[pri:0, instance:CheckStatus@7dc7cbad]" name="checkstatus" duration-ms="4314" started-at="2019-10-12T22:52:56Z" finished-at="2019-10-12T22:53:00Z">
          <reporter-output>
          </reporter-output>
        </test-method> <!-- checkstatus -->
      </class> <!-- CheckStatus -->
    </test> <!-- Default test -->
  </suite> <!-- Default suite -->
</testng-results>
